=== Lancement FINAL N=38 sur 40 nœuds ===
Date début : Tue 30 Dec 2025 03:51:01 PM CET
Running with n=38, C0=(1edfef75, 1f042c95) and C1=(ebf4bc01, 187db4f5)
Total Dictionary size distributed over 40 procs.
Local Dictionary size: 92.8GB per node
Chunking Mode: 40 MPI procs, 18 OMP threads.
  Phase 1: Chunk 1/512 processed.
  Phase 1: Chunk 2/512 processed.
  Phase 1: Chunk 3/512 processed.
  Phase 1: Chunk 4/512 processed.
  Phase 1: Chunk 5/512 processed.
  Phase 1: Chunk 6/512 processed.
  Phase 1: Chunk 7/512 processed.
  Phase 1: Chunk 8/512 processed.
  Phase 1: Chunk 9/512 processed.
  Phase 1: Chunk 10/512 processed.
  Phase 1: Chunk 11/512 processed.
  Phase 1: Chunk 12/512 processed.
  Phase 1: Chunk 13/512 processed.
  Phase 1: Chunk 14/512 processed.
  Phase 1: Chunk 15/512 processed.
  Phase 1: Chunk 16/512 processed.
  Phase 1: Chunk 17/512 processed.
  Phase 1: Chunk 18/512 processed.
  Phase 1: Chunk 19/512 processed.
  Phase 1: Chunk 20/512 processed.
  Phase 1: Chunk 21/512 processed.
  Phase 1: Chunk 22/512 processed.
  Phase 1: Chunk 23/512 processed.
  Phase 1: Chunk 24/512 processed.
  Phase 1: Chunk 25/512 processed.
  Phase 1: Chunk 26/512 processed.
  Phase 1: Chunk 27/512 processed.
  Phase 1: Chunk 28/512 processed.
  Phase 1: Chunk 29/512 processed.
  Phase 1: Chunk 30/512 processed.
  Phase 1: Chunk 31/512 processed.
  Phase 1: Chunk 32/512 processed.
  Phase 1: Chunk 33/512 processed.
  Phase 1: Chunk 34/512 processed.
  Phase 1: Chunk 35/512 processed.
  Phase 1: Chunk 36/512 processed.
  Phase 1: Chunk 37/512 processed.
  Phase 1: Chunk 38/512 processed.
  Phase 1: Chunk 39/512 processed.
  Phase 1: Chunk 40/512 processed.
  Phase 1: Chunk 41/512 processed.
  Phase 1: Chunk 42/512 processed.
  Phase 1: Chunk 43/512 processed.
  Phase 1: Chunk 44/512 processed.
  Phase 1: Chunk 45/512 processed.
  Phase 1: Chunk 46/512 processed.
  Phase 1: Chunk 47/512 processed.
  Phase 1: Chunk 48/512 processed.
  Phase 1: Chunk 49/512 processed.
  Phase 1: Chunk 50/512 processed.
  Phase 1: Chunk 51/512 processed.
  Phase 1: Chunk 52/512 processed.
  Phase 1: Chunk 53/512 processed.
  Phase 1: Chunk 54/512 processed.
  Phase 1: Chunk 55/512 processed.
  Phase 1: Chunk 56/512 processed.
  Phase 1: Chunk 57/512 processed.
  Phase 1: Chunk 58/512 processed.
  Phase 1: Chunk 59/512 processed.
  Phase 1: Chunk 60/512 processed.
  Phase 1: Chunk 61/512 processed.
  Phase 1: Chunk 62/512 processed.
  Phase 1: Chunk 63/512 processed.
  Phase 1: Chunk 64/512 processed.
  Phase 1: Chunk 65/512 processed.
  Phase 1: Chunk 66/512 processed.
  Phase 1: Chunk 67/512 processed.
  Phase 1: Chunk 68/512 processed.
  Phase 1: Chunk 69/512 processed.
  Phase 1: Chunk 70/512 processed.
  Phase 1: Chunk 71/512 processed.
  Phase 1: Chunk 72/512 processed.
  Phase 1: Chunk 73/512 processed.
  Phase 1: Chunk 74/512 processed.
  Phase 1: Chunk 75/512 processed.
  Phase 1: Chunk 76/512 processed.
  Phase 1: Chunk 77/512 processed.
  Phase 1: Chunk 78/512 processed.
  Phase 1: Chunk 79/512 processed.
  Phase 1: Chunk 80/512 processed.
  Phase 1: Chunk 81/512 processed.
  Phase 1: Chunk 82/512 processed.
  Phase 1: Chunk 83/512 processed.
  Phase 1: Chunk 84/512 processed.
  Phase 1: Chunk 85/512 processed.
  Phase 1: Chunk 86/512 processed.
  Phase 1: Chunk 87/512 processed.
  Phase 1: Chunk 88/512 processed.
  Phase 1: Chunk 89/512 processed.
  Phase 1: Chunk 90/512 processed.
  Phase 1: Chunk 91/512 processed.
  Phase 1: Chunk 92/512 processed.
  Phase 1: Chunk 93/512 processed.
  Phase 1: Chunk 94/512 processed.
  Phase 1: Chunk 95/512 processed.
  Phase 1: Chunk 96/512 processed.
  Phase 1: Chunk 97/512 processed.
  Phase 1: Chunk 98/512 processed.
  Phase 1: Chunk 99/512 processed.
  Phase 1: Chunk 100/512 processed.
  Phase 1: Chunk 101/512 processed.
  Phase 1: Chunk 102/512 processed.
  Phase 1: Chunk 103/512 processed.
  Phase 1: Chunk 104/512 processed.
  Phase 1: Chunk 105/512 processed.
  Phase 1: Chunk 106/512 processed.
  Phase 1: Chunk 107/512 processed.
  Phase 1: Chunk 108/512 processed.
  Phase 1: Chunk 109/512 processed.
  Phase 1: Chunk 110/512 processed.
  Phase 1: Chunk 111/512 processed.
  Phase 1: Chunk 112/512 processed.
  Phase 1: Chunk 113/512 processed.
  Phase 1: Chunk 114/512 processed.
  Phase 1: Chunk 115/512 processed.
  Phase 1: Chunk 116/512 processed.
  Phase 1: Chunk 117/512 processed.
  Phase 1: Chunk 118/512 processed.
  Phase 1: Chunk 119/512 processed.
  Phase 1: Chunk 120/512 processed.
  Phase 1: Chunk 121/512 processed.
  Phase 1: Chunk 122/512 processed.
  Phase 1: Chunk 123/512 processed.
  Phase 1: Chunk 124/512 processed.
  Phase 1: Chunk 125/512 processed.
  Phase 1: Chunk 126/512 processed.
  Phase 1: Chunk 127/512 processed.
  Phase 1: Chunk 128/512 processed.
  Phase 1: Chunk 129/512 processed.
  Phase 1: Chunk 130/512 processed.
  Phase 1: Chunk 131/512 processed.
  Phase 1: Chunk 132/512 processed.
  Phase 1: Chunk 133/512 processed.
  Phase 1: Chunk 134/512 processed.
  Phase 1: Chunk 135/512 processed.
  Phase 1: Chunk 136/512 processed.
  Phase 1: Chunk 137/512 processed.
  Phase 1: Chunk 138/512 processed.
  Phase 1: Chunk 139/512 processed.
  Phase 1: Chunk 140/512 processed.
  Phase 1: Chunk 141/512 processed.
  Phase 1: Chunk 142/512 processed.
  Phase 1: Chunk 143/512 processed.
  Phase 1: Chunk 144/512 processed.
  Phase 1: Chunk 145/512 processed.
  Phase 1: Chunk 146/512 processed.
  Phase 1: Chunk 147/512 processed.
  Phase 1: Chunk 148/512 processed.
  Phase 1: Chunk 149/512 processed.
  Phase 1: Chunk 150/512 processed.
  Phase 1: Chunk 151/512 processed.
  Phase 1: Chunk 152/512 processed.
  Phase 1: Chunk 153/512 processed.
  Phase 1: Chunk 154/512 processed.
  Phase 1: Chunk 155/512 processed.
  Phase 1: Chunk 156/512 processed.
  Phase 1: Chunk 157/512 processed.
  Phase 1: Chunk 158/512 processed.
  Phase 1: Chunk 159/512 processed.
  Phase 1: Chunk 160/512 processed.
  Phase 1: Chunk 161/512 processed.
  Phase 1: Chunk 162/512 processed.
  Phase 1: Chunk 163/512 processed.
  Phase 1: Chunk 164/512 processed.
  Phase 1: Chunk 165/512 processed.
  Phase 1: Chunk 166/512 processed.
  Phase 1: Chunk 167/512 processed.
  Phase 1: Chunk 168/512 processed.
  Phase 1: Chunk 169/512 processed.
  Phase 1: Chunk 170/512 processed.
  Phase 1: Chunk 171/512 processed.
  Phase 1: Chunk 172/512 processed.
  Phase 1: Chunk 173/512 processed.
  Phase 1: Chunk 174/512 processed.
  Phase 1: Chunk 175/512 processed.
  Phase 1: Chunk 176/512 processed.
  Phase 1: Chunk 177/512 processed.
  Phase 1: Chunk 178/512 processed.
  Phase 1: Chunk 179/512 processed.
  Phase 1: Chunk 180/512 processed.
  Phase 1: Chunk 181/512 processed.
  Phase 1: Chunk 182/512 processed.
  Phase 1: Chunk 183/512 processed.
  Phase 1: Chunk 184/512 processed.
  Phase 1: Chunk 185/512 processed.
  Phase 1: Chunk 186/512 processed.
  Phase 1: Chunk 187/512 processed.
  Phase 1: Chunk 188/512 processed.
  Phase 1: Chunk 189/512 processed.
  Phase 1: Chunk 190/512 processed.
  Phase 1: Chunk 191/512 processed.
  Phase 1: Chunk 192/512 processed.
  Phase 1: Chunk 193/512 processed.
  Phase 1: Chunk 194/512 processed.
  Phase 1: Chunk 195/512 processed.
  Phase 1: Chunk 196/512 processed.
  Phase 1: Chunk 197/512 processed.
  Phase 1: Chunk 198/512 processed.
  Phase 1: Chunk 199/512 processed.
  Phase 1: Chunk 200/512 processed.
  Phase 1: Chunk 201/512 processed.
  Phase 1: Chunk 202/512 processed.
  Phase 1: Chunk 203/512 processed.
  Phase 1: Chunk 204/512 processed.
  Phase 1: Chunk 205/512 processed.
  Phase 1: Chunk 206/512 processed.
  Phase 1: Chunk 207/512 processed.
  Phase 1: Chunk 208/512 processed.
  Phase 1: Chunk 209/512 processed.
  Phase 1: Chunk 210/512 processed.
  Phase 1: Chunk 211/512 processed.
  Phase 1: Chunk 212/512 processed.
  Phase 1: Chunk 213/512 processed.
  Phase 1: Chunk 214/512 processed.
  Phase 1: Chunk 215/512 processed.
  Phase 1: Chunk 216/512 processed.
  Phase 1: Chunk 217/512 processed.
  Phase 1: Chunk 218/512 processed.
  Phase 1: Chunk 219/512 processed.
  Phase 1: Chunk 220/512 processed.
  Phase 1: Chunk 221/512 processed.
  Phase 1: Chunk 222/512 processed.
  Phase 1: Chunk 223/512 processed.
  Phase 1: Chunk 224/512 processed.
  Phase 1: Chunk 225/512 processed.
  Phase 1: Chunk 226/512 processed.
  Phase 1: Chunk 227/512 processed.
  Phase 1: Chunk 228/512 processed.
  Phase 1: Chunk 229/512 processed.
  Phase 1: Chunk 230/512 processed.
  Phase 1: Chunk 231/512 processed.
  Phase 1: Chunk 232/512 processed.
  Phase 1: Chunk 233/512 processed.
  Phase 1: Chunk 234/512 processed.
  Phase 1: Chunk 235/512 processed.
  Phase 1: Chunk 236/512 processed.
  Phase 1: Chunk 237/512 processed.
  Phase 1: Chunk 238/512 processed.
  Phase 1: Chunk 239/512 processed.
  Phase 1: Chunk 240/512 processed.
  Phase 1: Chunk 241/512 processed.
  Phase 1: Chunk 242/512 processed.
  Phase 1: Chunk 243/512 processed.
  Phase 1: Chunk 244/512 processed.
  Phase 1: Chunk 245/512 processed.
  Phase 1: Chunk 246/512 processed.
  Phase 1: Chunk 247/512 processed.
  Phase 1: Chunk 248/512 processed.
  Phase 1: Chunk 249/512 processed.
  Phase 1: Chunk 250/512 processed.
  Phase 1: Chunk 251/512 processed.
  Phase 1: Chunk 252/512 processed.
  Phase 1: Chunk 253/512 processed.
  Phase 1: Chunk 254/512 processed.
  Phase 1: Chunk 255/512 processed.
  Phase 1: Chunk 256/512 processed.
  Phase 1: Chunk 257/512 processed.
  Phase 1: Chunk 258/512 processed.
  Phase 1: Chunk 259/512 processed.
  Phase 1: Chunk 260/512 processed.
  Phase 1: Chunk 261/512 processed.
  Phase 1: Chunk 262/512 processed.
  Phase 1: Chunk 263/512 processed.
  Phase 1: Chunk 264/512 processed.
  Phase 1: Chunk 265/512 processed.
  Phase 1: Chunk 266/512 processed.
  Phase 1: Chunk 267/512 processed.
  Phase 1: Chunk 268/512 processed.
  Phase 1: Chunk 269/512 processed.
  Phase 1: Chunk 270/512 processed.
  Phase 1: Chunk 271/512 processed.
  Phase 1: Chunk 272/512 processed.
  Phase 1: Chunk 273/512 processed.
  Phase 1: Chunk 274/512 processed.
  Phase 1: Chunk 275/512 processed.
  Phase 1: Chunk 276/512 processed.
  Phase 1: Chunk 277/512 processed.
  Phase 1: Chunk 278/512 processed.
  Phase 1: Chunk 279/512 processed.
  Phase 1: Chunk 280/512 processed.
  Phase 1: Chunk 281/512 processed.
  Phase 1: Chunk 282/512 processed.
  Phase 1: Chunk 283/512 processed.
  Phase 1: Chunk 284/512 processed.
  Phase 1: Chunk 285/512 processed.
  Phase 1: Chunk 286/512 processed.
  Phase 1: Chunk 287/512 processed.
  Phase 1: Chunk 288/512 processed.
  Phase 1: Chunk 289/512 processed.
  Phase 1: Chunk 290/512 processed.
  Phase 1: Chunk 291/512 processed.
  Phase 1: Chunk 292/512 processed.
  Phase 1: Chunk 293/512 processed.
  Phase 1: Chunk 294/512 processed.
  Phase 1: Chunk 295/512 processed.
  Phase 1: Chunk 296/512 processed.
  Phase 1: Chunk 297/512 processed.
  Phase 1: Chunk 298/512 processed.
  Phase 1: Chunk 299/512 processed.
  Phase 1: Chunk 300/512 processed.
  Phase 1: Chunk 301/512 processed.
  Phase 1: Chunk 302/512 processed.
  Phase 1: Chunk 303/512 processed.
  Phase 1: Chunk 304/512 processed.
  Phase 1: Chunk 305/512 processed.
  Phase 1: Chunk 306/512 processed.
  Phase 1: Chunk 307/512 processed.
  Phase 1: Chunk 308/512 processed.
  Phase 1: Chunk 309/512 processed.
  Phase 1: Chunk 310/512 processed.
  Phase 1: Chunk 311/512 processed.
  Phase 1: Chunk 312/512 processed.
  Phase 1: Chunk 313/512 processed.
  Phase 1: Chunk 314/512 processed.
  Phase 1: Chunk 315/512 processed.
  Phase 1: Chunk 316/512 processed.
  Phase 1: Chunk 317/512 processed.
  Phase 1: Chunk 318/512 processed.
  Phase 1: Chunk 319/512 processed.
  Phase 1: Chunk 320/512 processed.
  Phase 1: Chunk 321/512 processed.
  Phase 1: Chunk 322/512 processed.
  Phase 1: Chunk 323/512 processed.
  Phase 1: Chunk 324/512 processed.
  Phase 1: Chunk 325/512 processed.
  Phase 1: Chunk 326/512 processed.
  Phase 1: Chunk 327/512 processed.
  Phase 1: Chunk 328/512 processed.
  Phase 1: Chunk 329/512 processed.
  Phase 1: Chunk 330/512 processed.
  Phase 1: Chunk 331/512 processed.
  Phase 1: Chunk 332/512 processed.
  Phase 1: Chunk 333/512 processed.
  Phase 1: Chunk 334/512 processed.
  Phase 1: Chunk 335/512 processed.
  Phase 1: Chunk 336/512 processed.
  Phase 1: Chunk 337/512 processed.
  Phase 1: Chunk 338/512 processed.
  Phase 1: Chunk 339/512 processed.
  Phase 1: Chunk 340/512 processed.
  Phase 1: Chunk 341/512 processed.
  Phase 1: Chunk 342/512 processed.
  Phase 1: Chunk 343/512 processed.
  Phase 1: Chunk 344/512 processed.
  Phase 1: Chunk 345/512 processed.
  Phase 1: Chunk 346/512 processed.
  Phase 1: Chunk 347/512 processed.
  Phase 1: Chunk 348/512 processed.
  Phase 1: Chunk 349/512 processed.
  Phase 1: Chunk 350/512 processed.
  Phase 1: Chunk 351/512 processed.
  Phase 1: Chunk 352/512 processed.
  Phase 1: Chunk 353/512 processed.
  Phase 1: Chunk 354/512 processed.
  Phase 1: Chunk 355/512 processed.
  Phase 1: Chunk 356/512 processed.
  Phase 1: Chunk 357/512 processed.
  Phase 1: Chunk 358/512 processed.
  Phase 1: Chunk 359/512 processed.
  Phase 1: Chunk 360/512 processed.
  Phase 1: Chunk 361/512 processed.
  Phase 1: Chunk 362/512 processed.
  Phase 1: Chunk 363/512 processed.
  Phase 1: Chunk 364/512 processed.
  Phase 1: Chunk 365/512 processed.
  Phase 1: Chunk 366/512 processed.
  Phase 1: Chunk 367/512 processed.
  Phase 1: Chunk 368/512 processed.
  Phase 1: Chunk 369/512 processed.
  Phase 1: Chunk 370/512 processed.
  Phase 1: Chunk 371/512 processed.
  Phase 1: Chunk 372/512 processed.
  Phase 1: Chunk 373/512 processed.
  Phase 1: Chunk 374/512 processed.
  Phase 1: Chunk 375/512 processed.
  Phase 1: Chunk 376/512 processed.
  Phase 1: Chunk 377/512 processed.
  Phase 1: Chunk 378/512 processed.
  Phase 1: Chunk 379/512 processed.
  Phase 1: Chunk 380/512 processed.
  Phase 1: Chunk 381/512 processed.
  Phase 1: Chunk 382/512 processed.
  Phase 1: Chunk 383/512 processed.
  Phase 1: Chunk 384/512 processed.
  Phase 1: Chunk 385/512 processed.
  Phase 1: Chunk 386/512 processed.
  Phase 1: Chunk 387/512 processed.
  Phase 1: Chunk 388/512 processed.
  Phase 1: Chunk 389/512 processed.
  Phase 1: Chunk 390/512 processed.
  Phase 1: Chunk 391/512 processed.
  Phase 1: Chunk 392/512 processed.
  Phase 1: Chunk 393/512 processed.
  Phase 1: Chunk 394/512 processed.
  Phase 1: Chunk 395/512 processed.
  Phase 1: Chunk 396/512 processed.
  Phase 1: Chunk 397/512 processed.
  Phase 1: Chunk 398/512 processed.
  Phase 1: Chunk 399/512 processed.
  Phase 1: Chunk 400/512 processed.
  Phase 1: Chunk 401/512 processed.
  Phase 1: Chunk 402/512 processed.
  Phase 1: Chunk 403/512 processed.
  Phase 1: Chunk 404/512 processed.
  Phase 1: Chunk 405/512 processed.
  Phase 1: Chunk 406/512 processed.
  Phase 1: Chunk 407/512 processed.
  Phase 1: Chunk 408/512 processed.
  Phase 1: Chunk 409/512 processed.
  Phase 1: Chunk 410/512 processed.
  Phase 1: Chunk 411/512 processed.
  Phase 1: Chunk 412/512 processed.
  Phase 1: Chunk 413/512 processed.
  Phase 1: Chunk 414/512 processed.
  Phase 1: Chunk 415/512 processed.
  Phase 1: Chunk 416/512 processed.
  Phase 1: Chunk 417/512 processed.
  Phase 1: Chunk 418/512 processed.
  Phase 1: Chunk 419/512 processed.
  Phase 1: Chunk 420/512 processed.
  Phase 1: Chunk 421/512 processed.
  Phase 1: Chunk 422/512 processed.
  Phase 1: Chunk 423/512 processed.
  Phase 1: Chunk 424/512 processed.
  Phase 1: Chunk 425/512 processed.
  Phase 1: Chunk 426/512 processed.
  Phase 1: Chunk 427/512 processed.
  Phase 1: Chunk 428/512 processed.
  Phase 1: Chunk 429/512 processed.
  Phase 1: Chunk 430/512 processed.
  Phase 1: Chunk 431/512 processed.
  Phase 1: Chunk 432/512 processed.
  Phase 1: Chunk 433/512 processed.
  Phase 1: Chunk 434/512 processed.
  Phase 1: Chunk 435/512 processed.
  Phase 1: Chunk 436/512 processed.
  Phase 1: Chunk 437/512 processed.
  Phase 1: Chunk 438/512 processed.
  Phase 1: Chunk 439/512 processed.
  Phase 1: Chunk 440/512 processed.
  Phase 1: Chunk 441/512 processed.
  Phase 1: Chunk 442/512 processed.
  Phase 1: Chunk 443/512 processed.
  Phase 1: Chunk 444/512 processed.
  Phase 1: Chunk 445/512 processed.
  Phase 1: Chunk 446/512 processed.
  Phase 1: Chunk 447/512 processed.
  Phase 1: Chunk 448/512 processed.
  Phase 1: Chunk 449/512 processed.
  Phase 1: Chunk 450/512 processed.
  Phase 1: Chunk 451/512 processed.
  Phase 1: Chunk 452/512 processed.
  Phase 1: Chunk 453/512 processed.
  Phase 1: Chunk 454/512 processed.
  Phase 1: Chunk 455/512 processed.
  Phase 1: Chunk 456/512 processed.
  Phase 1: Chunk 457/512 processed.
  Phase 1: Chunk 458/512 processed.
  Phase 1: Chunk 459/512 processed.
  Phase 1: Chunk 460/512 processed.
  Phase 1: Chunk 461/512 processed.
  Phase 1: Chunk 462/512 processed.
  Phase 1: Chunk 463/512 processed.
  Phase 1: Chunk 464/512 processed.
  Phase 1: Chunk 465/512 processed.
  Phase 1: Chunk 466/512 processed.
  Phase 1: Chunk 467/512 processed.
  Phase 1: Chunk 468/512 processed.
  Phase 1: Chunk 469/512 processed.
  Phase 1: Chunk 470/512 processed.
  Phase 1: Chunk 471/512 processed.
  Phase 1: Chunk 472/512 processed.
  Phase 1: Chunk 473/512 processed.
  Phase 1: Chunk 474/512 processed.
  Phase 1: Chunk 475/512 processed.
  Phase 1: Chunk 476/512 processed.
  Phase 1: Chunk 477/512 processed.
  Phase 1: Chunk 478/512 processed.
  Phase 1: Chunk 479/512 processed.
  Phase 1: Chunk 480/512 processed.
  Phase 1: Chunk 481/512 processed.
  Phase 1: Chunk 482/512 processed.
  Phase 1: Chunk 483/512 processed.
  Phase 1: Chunk 484/512 processed.
  Phase 1: Chunk 485/512 processed.
  Phase 1: Chunk 486/512 processed.
  Phase 1: Chunk 487/512 processed.
  Phase 1: Chunk 488/512 processed.
  Phase 1: Chunk 489/512 processed.
  Phase 1: Chunk 490/512 processed.
  Phase 1: Chunk 491/512 processed.
  Phase 1: Chunk 492/512 processed.
  Phase 1: Chunk 493/512 processed.
  Phase 1: Chunk 494/512 processed.
  Phase 1: Chunk 495/512 processed.
  Phase 1: Chunk 496/512 processed.
  Phase 1: Chunk 497/512 processed.
  Phase 1: Chunk 498/512 processed.
  Phase 1: Chunk 499/512 processed.
  Phase 1: Chunk 500/512 processed.
  Phase 1: Chunk 501/512 processed.
  Phase 1: Chunk 502/512 processed.
  Phase 1: Chunk 503/512 processed.
  Phase 1: Chunk 504/512 processed.
  Phase 1: Chunk 505/512 processed.
  Phase 1: Chunk 506/512 processed.
  Phase 1: Chunk 507/512 processed.
  Phase 1: Chunk 508/512 processed.
  Phase 1: Chunk 509/512 processed.
  Phase 1: Chunk 510/512 processed.
  Phase 1: Chunk 511/512 processed.
  Phase 1: Chunk 512/512 processed.
Fill: 4466.1s
  [Phase 2] Chunk 1/512 processed.
  [Phase 2] Chunk 2/512 processed.
  [Phase 2] Chunk 3/512 processed.
  [Phase 2] Chunk 4/512 processed.
  [Phase 2] Chunk 5/512 processed.
  [Phase 2] Chunk 6/512 processed.
  [Phase 2] Chunk 7/512 processed.
  [Phase 2] Chunk 8/512 processed.
  [Phase 2] Chunk 9/512 processed.
  [Phase 2] Chunk 10/512 processed.
  [Phase 2] Chunk 11/512 processed.
  [Phase 2] Chunk 12/512 processed.
  [Phase 2] Chunk 13/512 processed.
  [Phase 2] Chunk 14/512 processed.
  [Phase 2] Chunk 15/512 processed.
  [Phase 2] Chunk 16/512 processed.
  [Phase 2] Chunk 17/512 processed.
  [Phase 2] Chunk 18/512 processed.
  [Phase 2] Chunk 19/512 processed.
  [Phase 2] Chunk 20/512 processed.
  [Phase 2] Chunk 21/512 processed.
  [Phase 2] Chunk 22/512 processed.
  [Phase 2] Chunk 23/512 processed.
  [Phase 2] Chunk 24/512 processed.
  [Phase 2] Chunk 25/512 processed.
  [Phase 2] Chunk 26/512 processed.
  [Phase 2] Chunk 27/512 processed.
  [Phase 2] Chunk 28/512 processed.
  [Phase 2] Chunk 29/512 processed.
  [Phase 2] Chunk 30/512 processed.
  [Phase 2] Chunk 31/512 processed.
  [Phase 2] Chunk 32/512 processed.
  [Phase 2] Chunk 33/512 processed.
  [Phase 2] Chunk 34/512 processed.
  [Phase 2] Chunk 35/512 processed.
  [Phase 2] Chunk 36/512 processed.
  [Phase 2] Chunk 37/512 processed.
  [Phase 2] Chunk 38/512 processed.
  [Phase 2] Chunk 39/512 processed.
  [Phase 2] Chunk 40/512 processed.
  [Phase 2] Chunk 41/512 processed.
  [Phase 2] Chunk 42/512 processed.
  [Phase 2] Chunk 43/512 processed.
  [Phase 2] Chunk 44/512 processed.
  [Phase 2] Chunk 45/512 processed.
  [Phase 2] Chunk 46/512 processed.
  [Phase 2] Chunk 47/512 processed.
  [Phase 2] Chunk 48/512 processed.
  [Phase 2] Chunk 49/512 processed.
  [Phase 2] Chunk 50/512 processed.
  [Phase 2] Chunk 51/512 processed.
  [Phase 2] Chunk 52/512 processed.
  [Phase 2] Chunk 53/512 processed.
  [Phase 2] Chunk 54/512 processed.
  [Phase 2] Chunk 55/512 processed.
  [Phase 2] Chunk 56/512 processed.
  [Phase 2] Chunk 57/512 processed.
  [Phase 2] Chunk 58/512 processed.
  [Phase 2] Chunk 59/512 processed.
  [Phase 2] Chunk 60/512 processed.
  [Phase 2] Chunk 61/512 processed.
  [Phase 2] Chunk 62/512 processed.
  [Phase 2] Chunk 63/512 processed.
  [Phase 2] Chunk 64/512 processed.
  [Phase 2] Chunk 65/512 processed.
  [Phase 2] Chunk 66/512 processed.
  [Phase 2] Chunk 67/512 processed.
  [Phase 2] Chunk 68/512 processed.
  [Phase 2] Chunk 69/512 processed.
  [Phase 2] Chunk 70/512 processed.
  [Phase 2] Chunk 71/512 processed.
  [Phase 2] Chunk 72/512 processed.
  [Phase 2] Chunk 73/512 processed.
  [Phase 2] Chunk 74/512 processed.
#####################################################
[Rank 15 Chunk 74] FOUND SOLUTION: k1=1ae969d8df, k2=9d50a6b5f
#####################################################
  [Phase 2] Chunk 75/512 processed.
  [Phase 2] Chunk 76/512 processed.
  [Phase 2] Chunk 77/512 processed.
  [Phase 2] Chunk 78/512 processed.
  [Phase 2] Chunk 79/512 processed.
  [Phase 2] Chunk 80/512 processed.
  [Phase 2] Chunk 81/512 processed.
  [Phase 2] Chunk 82/512 processed.
  [Phase 2] Chunk 83/512 processed.
  [Phase 2] Chunk 84/512 processed.
  [Phase 2] Chunk 85/512 processed.
  [Phase 2] Chunk 86/512 processed.
  [Phase 2] Chunk 87/512 processed.
  [Phase 2] Chunk 88/512 processed.
  [Phase 2] Chunk 89/512 processed.
  [Phase 2] Chunk 90/512 processed.
  [Phase 2] Chunk 91/512 processed.
  [Phase 2] Chunk 92/512 processed.
  [Phase 2] Chunk 93/512 processed.
  [Phase 2] Chunk 94/512 processed.
  [Phase 2] Chunk 95/512 processed.
  [Phase 2] Chunk 96/512 processed.
  [Phase 2] Chunk 97/512 processed.
  [Phase 2] Chunk 98/512 processed.
  [Phase 2] Chunk 99/512 processed.
  [Phase 2] Chunk 100/512 processed.
  [Phase 2] Chunk 101/512 processed.
  [Phase 2] Chunk 102/512 processed.
  [Phase 2] Chunk 103/512 processed.
  [Phase 2] Chunk 104/512 processed.
  [Phase 2] Chunk 105/512 processed.
  [Phase 2] Chunk 106/512 processed.
  [Phase 2] Chunk 107/512 processed.
  [Phase 2] Chunk 108/512 processed.
  [Phase 2] Chunk 109/512 processed.
  [Phase 2] Chunk 110/512 processed.
  [Phase 2] Chunk 111/512 processed.
  [Phase 2] Chunk 112/512 processed.
  [Phase 2] Chunk 113/512 processed.
  [Phase 2] Chunk 114/512 processed.
  [Phase 2] Chunk 115/512 processed.
  [Phase 2] Chunk 116/512 processed.
  [Phase 2] Chunk 117/512 processed.
  [Phase 2] Chunk 118/512 processed.
  [Phase 2] Chunk 119/512 processed.
  [Phase 2] Chunk 120/512 processed.
  [Phase 2] Chunk 121/512 processed.
  [Phase 2] Chunk 122/512 processed.
  [Phase 2] Chunk 123/512 processed.
  [Phase 2] Chunk 124/512 processed.
  [Phase 2] Chunk 125/512 processed.
  [Phase 2] Chunk 126/512 processed.
  [Phase 2] Chunk 127/512 processed.
  [Phase 2] Chunk 128/512 processed.
  [Phase 2] Chunk 129/512 processed.
  [Phase 2] Chunk 130/512 processed.
  [Phase 2] Chunk 131/512 processed.
  [Phase 2] Chunk 132/512 processed.
  [Phase 2] Chunk 133/512 processed.
  [Phase 2] Chunk 134/512 processed.
  [Phase 2] Chunk 135/512 processed.
  [Phase 2] Chunk 136/512 processed.
  [Phase 2] Chunk 137/512 processed.
  [Phase 2] Chunk 138/512 processed.
  [Phase 2] Chunk 139/512 processed.
  [Phase 2] Chunk 140/512 processed.
  [Phase 2] Chunk 141/512 processed.
  [Phase 2] Chunk 142/512 processed.
  [Phase 2] Chunk 143/512 processed.
  [Phase 2] Chunk 144/512 processed.
  [Phase 2] Chunk 145/512 processed.
  [Phase 2] Chunk 146/512 processed.
  [Phase 2] Chunk 147/512 processed.
  [Phase 2] Chunk 148/512 processed.
  [Phase 2] Chunk 149/512 processed.
  [Phase 2] Chunk 150/512 processed.
  [Phase 2] Chunk 151/512 processed.
  [Phase 2] Chunk 152/512 processed.
  [Phase 2] Chunk 153/512 processed.
  [Phase 2] Chunk 154/512 processed.
  [Phase 2] Chunk 155/512 processed.
  [Phase 2] Chunk 156/512 processed.
  [Phase 2] Chunk 157/512 processed.
  [Phase 2] Chunk 158/512 processed.
  [Phase 2] Chunk 159/512 processed.
  [Phase 2] Chunk 160/512 processed.
  [Phase 2] Chunk 161/512 processed.
  [Phase 2] Chunk 162/512 processed.
  [Phase 2] Chunk 163/512 processed.
  [Phase 2] Chunk 164/512 processed.
  [Phase 2] Chunk 165/512 processed.
  [Phase 2] Chunk 166/512 processed.
  [Phase 2] Chunk 167/512 processed.
  [Phase 2] Chunk 168/512 processed.
  [Phase 2] Chunk 169/512 processed.
  [Phase 2] Chunk 170/512 processed.
  [Phase 2] Chunk 171/512 processed.
  [Phase 2] Chunk 172/512 processed.
  [Phase 2] Chunk 173/512 processed.
  [Phase 2] Chunk 174/512 processed.
  [Phase 2] Chunk 175/512 processed.
  [Phase 2] Chunk 176/512 processed.
  [Phase 2] Chunk 177/512 processed.
  [Phase 2] Chunk 178/512 processed.
  [Phase 2] Chunk 179/512 processed.
  [Phase 2] Chunk 180/512 processed.
  [Phase 2] Chunk 181/512 processed.
  [Phase 2] Chunk 182/512 processed.
  [Phase 2] Chunk 183/512 processed.
  [Phase 2] Chunk 184/512 processed.
  [Phase 2] Chunk 185/512 processed.
  [Phase 2] Chunk 186/512 processed.
  [Phase 2] Chunk 187/512 processed.
  [Phase 2] Chunk 188/512 processed.
  [Phase 2] Chunk 189/512 processed.
  [Phase 2] Chunk 190/512 processed.
  [Phase 2] Chunk 191/512 processed.
  [Phase 2] Chunk 192/512 processed.
  [Phase 2] Chunk 193/512 processed.
  [Phase 2] Chunk 194/512 processed.
  [Phase 2] Chunk 195/512 processed.
  [Phase 2] Chunk 196/512 processed.
  [Phase 2] Chunk 197/512 processed.
  [Phase 2] Chunk 198/512 processed.
  [Phase 2] Chunk 199/512 processed.
  [Phase 2] Chunk 200/512 processed.
  [Phase 2] Chunk 201/512 processed.
  [Phase 2] Chunk 202/512 processed.
  [Phase 2] Chunk 203/512 processed.
  [Phase 2] Chunk 204/512 processed.
  [Phase 2] Chunk 205/512 processed.
  [Phase 2] Chunk 206/512 processed.
  [Phase 2] Chunk 207/512 processed.
  [Phase 2] Chunk 208/512 processed.
  [Phase 2] Chunk 209/512 processed.
  [Phase 2] Chunk 210/512 processed.
  [Phase 2] Chunk 211/512 processed.
  [Phase 2] Chunk 212/512 processed.
  [Phase 2] Chunk 213/512 processed.
  [Phase 2] Chunk 214/512 processed.
  [Phase 2] Chunk 215/512 processed.
  [Phase 2] Chunk 216/512 processed.
  [Phase 2] Chunk 217/512 processed.
  [Phase 2] Chunk 218/512 processed.
  [Phase 2] Chunk 219/512 processed.
  [Phase 2] Chunk 220/512 processed.
  [Phase 2] Chunk 221/512 processed.
  [Phase 2] Chunk 222/512 processed.
  [Phase 2] Chunk 223/512 processed.
  [Phase 2] Chunk 224/512 processed.
  [Phase 2] Chunk 225/512 processed.
  [Phase 2] Chunk 226/512 processed.
  [Phase 2] Chunk 227/512 processed.
  [Phase 2] Chunk 228/512 processed.
  [Phase 2] Chunk 229/512 processed.
  [Phase 2] Chunk 230/512 processed.
  [Phase 2] Chunk 231/512 processed.
  [Phase 2] Chunk 232/512 processed.
  [Phase 2] Chunk 233/512 processed.
  [Phase 2] Chunk 234/512 processed.
  [Phase 2] Chunk 235/512 processed.
  [Phase 2] Chunk 236/512 processed.
  [Phase 2] Chunk 237/512 processed.
  [Phase 2] Chunk 238/512 processed.
  [Phase 2] Chunk 239/512 processed.
  [Phase 2] Chunk 240/512 processed.
  [Phase 2] Chunk 241/512 processed.
  [Phase 2] Chunk 242/512 processed.
  [Phase 2] Chunk 243/512 processed.
  [Phase 2] Chunk 244/512 processed.
  [Phase 2] Chunk 245/512 processed.
  [Phase 2] Chunk 246/512 processed.
  [Phase 2] Chunk 247/512 processed.
  [Phase 2] Chunk 248/512 processed.
  [Phase 2] Chunk 249/512 processed.
  [Phase 2] Chunk 250/512 processed.
  [Phase 2] Chunk 251/512 processed.
  [Phase 2] Chunk 252/512 processed.
  [Phase 2] Chunk 253/512 processed.
  [Phase 2] Chunk 254/512 processed.
  [Phase 2] Chunk 255/512 processed.
  [Phase 2] Chunk 256/512 processed.
  [Phase 2] Chunk 257/512 processed.
  [Phase 2] Chunk 258/512 processed.
  [Phase 2] Chunk 259/512 processed.
  [Phase 2] Chunk 260/512 processed.
  [Phase 2] Chunk 261/512 processed.
  [Phase 2] Chunk 262/512 processed.
  [Phase 2] Chunk 263/512 processed.
  [Phase 2] Chunk 264/512 processed.
  [Phase 2] Chunk 265/512 processed.
  [Phase 2] Chunk 266/512 processed.
  [Phase 2] Chunk 267/512 processed.
  [Phase 2] Chunk 268/512 processed.
  [Phase 2] Chunk 269/512 processed.
  [Phase 2] Chunk 270/512 processed.
  [Phase 2] Chunk 271/512 processed.
  [Phase 2] Chunk 272/512 processed.
  [Phase 2] Chunk 273/512 processed.
  [Phase 2] Chunk 274/512 processed.
  [Phase 2] Chunk 275/512 processed.
  [Phase 2] Chunk 276/512 processed.
  [Phase 2] Chunk 277/512 processed.
  [Phase 2] Chunk 278/512 processed.
  [Phase 2] Chunk 279/512 processed.
  [Phase 2] Chunk 280/512 processed.
  [Phase 2] Chunk 281/512 processed.
  [Phase 2] Chunk 282/512 processed.
  [Phase 2] Chunk 283/512 processed.
  [Phase 2] Chunk 284/512 processed.
  [Phase 2] Chunk 285/512 processed.
  [Phase 2] Chunk 286/512 processed.
  [Phase 2] Chunk 287/512 processed.
  [Phase 2] Chunk 288/512 processed.
  [Phase 2] Chunk 289/512 processed.
  [Phase 2] Chunk 290/512 processed.
  [Phase 2] Chunk 291/512 processed.
  [Phase 2] Chunk 292/512 processed.
  [Phase 2] Chunk 293/512 processed.
  [Phase 2] Chunk 294/512 processed.
  [Phase 2] Chunk 295/512 processed.
  [Phase 2] Chunk 296/512 processed.
  [Phase 2] Chunk 297/512 processed.
  [Phase 2] Chunk 298/512 processed.
  [Phase 2] Chunk 299/512 processed.
  [Phase 2] Chunk 300/512 processed.
  [Phase 2] Chunk 301/512 processed.
  [Phase 2] Chunk 302/512 processed.
  [Phase 2] Chunk 303/512 processed.
  [Phase 2] Chunk 304/512 processed.
  [Phase 2] Chunk 305/512 processed.
  [Phase 2] Chunk 306/512 processed.
  [Phase 2] Chunk 307/512 processed.
  [Phase 2] Chunk 308/512 processed.
  [Phase 2] Chunk 309/512 processed.
  [Phase 2] Chunk 310/512 processed.
  [Phase 2] Chunk 311/512 processed.
  [Phase 2] Chunk 312/512 processed.
  [Phase 2] Chunk 313/512 processed.
  [Phase 2] Chunk 314/512 processed.
  [Phase 2] Chunk 315/512 processed.
  [Phase 2] Chunk 316/512 processed.
  [Phase 2] Chunk 317/512 processed.
  [Phase 2] Chunk 318/512 processed.
  [Phase 2] Chunk 319/512 processed.
  [Phase 2] Chunk 320/512 processed.
  [Phase 2] Chunk 321/512 processed.
  [Phase 2] Chunk 322/512 processed.
  [Phase 2] Chunk 323/512 processed.
  [Phase 2] Chunk 324/512 processed.
  [Phase 2] Chunk 325/512 processed.
  [Phase 2] Chunk 326/512 processed.
  [Phase 2] Chunk 327/512 processed.
  [Phase 2] Chunk 328/512 processed.
  [Phase 2] Chunk 329/512 processed.
  [Phase 2] Chunk 330/512 processed.
  [Phase 2] Chunk 331/512 processed.
  [Phase 2] Chunk 332/512 processed.
  [Phase 2] Chunk 333/512 processed.
  [Phase 2] Chunk 334/512 processed.
  [Phase 2] Chunk 335/512 processed.
  [Phase 2] Chunk 336/512 processed.
  [Phase 2] Chunk 337/512 processed.
  [Phase 2] Chunk 338/512 processed.
  [Phase 2] Chunk 339/512 processed.
  [Phase 2] Chunk 340/512 processed.
  [Phase 2] Chunk 341/512 processed.
  [Phase 2] Chunk 342/512 processed.
  [Phase 2] Chunk 343/512 processed.
  [Phase 2] Chunk 344/512 processed.
  [Phase 2] Chunk 345/512 processed.
  [Phase 2] Chunk 346/512 processed.
  [Phase 2] Chunk 347/512 processed.
  [Phase 2] Chunk 348/512 processed.
  [Phase 2] Chunk 349/512 processed.
  [Phase 2] Chunk 350/512 processed.
  [Phase 2] Chunk 351/512 processed.
  [Phase 2] Chunk 352/512 processed.
  [Phase 2] Chunk 353/512 processed.
  [Phase 2] Chunk 354/512 processed.
  [Phase 2] Chunk 355/512 processed.
  [Phase 2] Chunk 356/512 processed.
  [Phase 2] Chunk 357/512 processed.
  [Phase 2] Chunk 358/512 processed.
  [Phase 2] Chunk 359/512 processed.
  [Phase 2] Chunk 360/512 processed.
  [Phase 2] Chunk 361/512 processed.
  [Phase 2] Chunk 362/512 processed.
  [Phase 2] Chunk 363/512 processed.
  [Phase 2] Chunk 364/512 processed.
  [Phase 2] Chunk 365/512 processed.
  [Phase 2] Chunk 366/512 processed.
  [Phase 2] Chunk 367/512 processed.
  [Phase 2] Chunk 368/512 processed.
  [Phase 2] Chunk 369/512 processed.
  [Phase 2] Chunk 370/512 processed.
  [Phase 2] Chunk 371/512 processed.
  [Phase 2] Chunk 372/512 processed.
  [Phase 2] Chunk 373/512 processed.
  [Phase 2] Chunk 374/512 processed.
  [Phase 2] Chunk 375/512 processed.
  [Phase 2] Chunk 376/512 processed.
  [Phase 2] Chunk 377/512 processed.
  [Phase 2] Chunk 378/512 processed.
  [Phase 2] Chunk 379/512 processed.
  [Phase 2] Chunk 380/512 processed.
  [Phase 2] Chunk 381/512 processed.
  [Phase 2] Chunk 382/512 processed.
  [Phase 2] Chunk 383/512 processed.
  [Phase 2] Chunk 384/512 processed.
  [Phase 2] Chunk 385/512 processed.
  [Phase 2] Chunk 386/512 processed.
  [Phase 2] Chunk 387/512 processed.
  [Phase 2] Chunk 388/512 processed.
  [Phase 2] Chunk 389/512 processed.
  [Phase 2] Chunk 390/512 processed.
  [Phase 2] Chunk 391/512 processed.
  [Phase 2] Chunk 392/512 processed.
  [Phase 2] Chunk 393/512 processed.
  [Phase 2] Chunk 394/512 processed.
  [Phase 2] Chunk 395/512 processed.
  [Phase 2] Chunk 396/512 processed.
  [Phase 2] Chunk 397/512 processed.
  [Phase 2] Chunk 398/512 processed.
  [Phase 2] Chunk 399/512 processed.
  [Phase 2] Chunk 400/512 processed.
  [Phase 2] Chunk 401/512 processed.
  [Phase 2] Chunk 402/512 processed.
  [Phase 2] Chunk 403/512 processed.
  [Phase 2] Chunk 404/512 processed.
  [Phase 2] Chunk 405/512 processed.
  [Phase 2] Chunk 406/512 processed.
  [Phase 2] Chunk 407/512 processed.
  [Phase 2] Chunk 408/512 processed.
  [Phase 2] Chunk 409/512 processed.
  [Phase 2] Chunk 410/512 processed.
  [Phase 2] Chunk 411/512 processed.
  [Phase 2] Chunk 412/512 processed.
  [Phase 2] Chunk 413/512 processed.
  [Phase 2] Chunk 414/512 processed.
  [Phase 2] Chunk 415/512 processed.
  [Phase 2] Chunk 416/512 processed.
  [Phase 2] Chunk 417/512 processed.
  [Phase 2] Chunk 418/512 processed.
  [Phase 2] Chunk 419/512 processed.
  [Phase 2] Chunk 420/512 processed.
  [Phase 2] Chunk 421/512 processed.
  [Phase 2] Chunk 422/512 processed.
  [Phase 2] Chunk 423/512 processed.
  [Phase 2] Chunk 424/512 processed.
  [Phase 2] Chunk 425/512 processed.
  [Phase 2] Chunk 426/512 processed.
  [Phase 2] Chunk 427/512 processed.
  [Phase 2] Chunk 428/512 processed.
  [Phase 2] Chunk 429/512 processed.
  [Phase 2] Chunk 430/512 processed.
  [Phase 2] Chunk 431/512 processed.
  [Phase 2] Chunk 432/512 processed.
  [Phase 2] Chunk 433/512 processed.
  [Phase 2] Chunk 434/512 processed.
  [Phase 2] Chunk 435/512 processed.
  [Phase 2] Chunk 436/512 processed.
  [Phase 2] Chunk 437/512 processed.
  [Phase 2] Chunk 438/512 processed.
  [Phase 2] Chunk 439/512 processed.
  [Phase 2] Chunk 440/512 processed.
  [Phase 2] Chunk 441/512 processed.
  [Phase 2] Chunk 442/512 processed.
  [Phase 2] Chunk 443/512 processed.
  [Phase 2] Chunk 444/512 processed.
  [Phase 2] Chunk 445/512 processed.
  [Phase 2] Chunk 446/512 processed.
  [Phase 2] Chunk 447/512 processed.
  [Phase 2] Chunk 448/512 processed.
  [Phase 2] Chunk 449/512 processed.
  [Phase 2] Chunk 450/512 processed.
  [Phase 2] Chunk 451/512 processed.
  [Phase 2] Chunk 452/512 processed.
  [Phase 2] Chunk 453/512 processed.
  [Phase 2] Chunk 454/512 processed.
  [Phase 2] Chunk 455/512 processed.
  [Phase 2] Chunk 456/512 processed.
  [Phase 2] Chunk 457/512 processed.
  [Phase 2] Chunk 458/512 processed.
  [Phase 2] Chunk 459/512 processed.
  [Phase 2] Chunk 460/512 processed.
  [Phase 2] Chunk 461/512 processed.
  [Phase 2] Chunk 462/512 processed.
  [Phase 2] Chunk 463/512 processed.
  [Phase 2] Chunk 464/512 processed.
  [Phase 2] Chunk 465/512 processed.
  [Phase 2] Chunk 466/512 processed.
  [Phase 2] Chunk 467/512 processed.
  [Phase 2] Chunk 468/512 processed.
  [Phase 2] Chunk 469/512 processed.
  [Phase 2] Chunk 470/512 processed.
  [Phase 2] Chunk 471/512 processed.
  [Phase 2] Chunk 472/512 processed.
  [Phase 2] Chunk 473/512 processed.
  [Phase 2] Chunk 474/512 processed.
  [Phase 2] Chunk 475/512 processed.
  [Phase 2] Chunk 476/512 processed.
  [Phase 2] Chunk 477/512 processed.
  [Phase 2] Chunk 478/512 processed.
  [Phase 2] Chunk 479/512 processed.
  [Phase 2] Chunk 480/512 processed.
  [Phase 2] Chunk 481/512 processed.
  [Phase 2] Chunk 482/512 processed.
  [Phase 2] Chunk 483/512 processed.
  [Phase 2] Chunk 484/512 processed.
  [Phase 2] Chunk 485/512 processed.
  [Phase 2] Chunk 486/512 processed.
  [Phase 2] Chunk 487/512 processed.
  [Phase 2] Chunk 488/512 processed.
  [Phase 2] Chunk 489/512 processed.
  [Phase 2] Chunk 490/512 processed.
  [Phase 2] Chunk 491/512 processed.
  [Phase 2] Chunk 492/512 processed.
  [Phase 2] Chunk 493/512 processed.
  [Phase 2] Chunk 494/512 processed.
  [Phase 2] Chunk 495/512 processed.
  [Phase 2] Chunk 496/512 processed.
  [Phase 2] Chunk 497/512 processed.
  [Phase 2] Chunk 498/512 processed.
  [Phase 2] Chunk 499/512 processed.
  [Phase 2] Chunk 500/512 processed.
  [Phase 2] Chunk 501/512 processed.
  [Phase 2] Chunk 502/512 processed.
  [Phase 2] Chunk 503/512 processed.
  [Phase 2] Chunk 504/512 processed.
  [Phase 2] Chunk 505/512 processed.
  [Phase 2] Chunk 506/512 processed.
  [Phase 2] Chunk 507/512 processed.
  [Phase 2] Chunk 508/512 processed.
  [Phase 2] Chunk 509/512 processed.
  [Phase 2] Chunk 510/512 processed.
  [Phase 2] Chunk 511/512 processed.
  [Phase 2] Chunk 512/512 processed.
Probe: 3835.1s. 274876906589 candidate pairs tested
#################################################################
[Rank 15] FINAL VALIDATED SOLUTION: (1ae969d8df, 9d50a6b5f)
#################################################################
Date fin : Tue 30 Dec 2025 06:09:31 PM CET
